<?xml version="1.0" encoding="UTF-8" ?>
<testsuite tests="18" failures="0" name="org.hometest.ubs.ubs_hometest.AppTest" time="0.01" errors="0" skipped="0">
  <properties>
    <property name="java.runtime.name" value="Java(TM) SE Runtime Environment"/>
    <property name="sun.boot.library.path" value="C:\Program Files\Java\jdk1.8.0_191\jre\bin"/>
    <property name="java.vm.version" value="25.191-b12"/>
    <property name="java.vm.vendor" value="Oracle Corporation"/>
    <property name="maven.multiModuleProjectDirectory" value="C:\Users\Windows\eclipse-workspace\ubs_hometest"/>
    <property name="java.vendor.url" value="http://java.oracle.com/"/>
    <property name="path.separator" value=";"/>
    <property name="guice.disable.misplaced.annotation.check" value="true"/>
    <property name="java.vm.name" value="Java HotSpot(TM) 64-Bit Server VM"/>
    <property name="file.encoding.pkg" value="sun.io"/>
    <property name="user.script" value=""/>
    <property name="user.country" value="US"/>
    <property name="sun.java.launcher" value="SUN_STANDARD"/>
    <property name="sun.os.patch.level" value=""/>
    <property name="java.vm.specification.name" value="Java Virtual Machine Specification"/>
    <property name="user.dir" value="C:\Users\Windows\eclipse-workspace\ubs_hometest"/>
    <property name="java.runtime.version" value="1.8.0_191-b12"/>
    <property name="java.awt.graphicsenv" value="sun.awt.Win32GraphicsEnvironment"/>
    <property name="java.endorsed.dirs" value="C:\Program Files\Java\jdk1.8.0_191\jre\lib\endorsed"/>
    <property name="os.arch" value="amd64"/>
    <property name="java.io.tmpdir" value="C:\Users\Windows\AppData\Local\Temp\"/>
    <property name="line.separator" value="
"/>
    <property name="java.vm.specification.vendor" value="Oracle Corporation"/>
    <property name="user.variant" value=""/>
    <property name="os.name" value="Windows 10"/>
    <property name="classworlds.conf" value="E:\Software\POSIX\apache-maven-3.6.0-bin\apache-maven-3.6.0\bin\..\bin\m2.conf"/>
    <property name="sun.jnu.encoding" value="GBK"/>
    <property name="java.library.path" value="C:\Program Files\Java\jdk1.8.0_191\bin;C:\Windows\Sun\Java\bin;C:\Windows\system32;C:\Windows;C:\Program Files\Java\jre1.8.0_60\bin;D:\Program Files\IntelSWTools\system_trace\bin;D:\Program Files\IntelSWTools\OpenCL\sdk\bin\x64;D:\Program Files\IntelSWTools\OpenCL\sdk\bin\x86;D:\Program Files\IntelSWTools\OpenCL\sdk\bin\Pin;D:\Program Files\IntelSWTools\OpenCL\sdk\bin\GTPin;D:\Program Files\IntelSWTools\OpenCL\runtime\cpu\windows\compiler\lib\intel64_win;D:\Program Files\IntelSWTools\OpenCL\runtime\cpu\windows\compiler\lib\ia32_win;C:\Program Files (x86)\Common Files\Intel\Shared Libraries\redist\intel64_win\compiler;C:\Program Files (x86)\Common Files\Intel\Shared Libraries\redist\ia32_win\compiler;C:\Program Files (x86)\Common Files\Oracle\Java\javapath;C:\Windows\system32;C:\Windows;C:\Windows\System32\Wbem;C:\Windows\System32\WindowsPowerShell\v1.0\;C:\Windows\System32\OpenSSH\;C:\Program Files (x86)\NVIDIA Corporation\PhysX\Common;C:\Program Files (x86)\Gow\bin;C:\Program Files\Microsoft SQL Server\130\Tools\Binn\;C:\Python27;C:\Intel\DAL_1.1839.428.110\;D:\Program Files\IntelSWTools\compilers_and_libraries_2019.1.144\windows\bin\intel64_ia32;C:\Program Files\Microsoft VS Code\bin;D:\Program Files\MiKTeX\miktex\bin\x64\;D:\Program Files\texlive\bin\win32;C:\Program Files\Java\jdk1.8.0_191\bin;C:\Users\Windows\AppData\Local\Microsoft\WindowsApps;C:\Program Files\JetBrains\IntelliJ IDEA Community Edition 2018.3.1\bin;;C:\Program Files\JetBrains\CLion 2018.3.1\bin;;E:\Software\POSIX\apache-maven-3.6.0-bin\apache-maven-3.6.0\bin;D:\Program Files\PortableGit\bin;;."/>
    <property name="maven.conf" value="E:\Software\POSIX\apache-maven-3.6.0-bin\apache-maven-3.6.0\bin\../conf"/>
    <property name="java.specification.name" value="Java Platform API Specification"/>
    <property name="java.class.version" value="52.0"/>
    <property name="sun.management.compiler" value="HotSpot 64-Bit Tiered Compilers"/>
    <property name="os.version" value="10.0"/>
    <property name="library.jansi.path" value="E:\Software\POSIX\apache-maven-3.6.0-bin\apache-maven-3.6.0\bin\..\lib\jansi-native"/>
    <property name="user.home" value="C:\Users\Windows"/>
    <property name="user.timezone" value="Asia/Shanghai"/>
    <property name="java.awt.printerjob" value="sun.awt.windows.WPrinterJob"/>
    <property name="java.specification.version" value="1.8"/>
    <property name="file.encoding" value="GBK"/>
    <property name="user.name" value="Windows"/>
    <property name="java.class.path" value="E:\Software\POSIX\apache-maven-3.6.0-bin\apache-maven-3.6.0\bin\..\boot\plexus-classworlds-2.5.2.jar"/>
    <property name="java.vm.specification.version" value="1.8"/>
    <property name="sun.arch.data.model" value="64"/>
    <property name="java.home" value="C:\Program Files\Java\jdk1.8.0_191\jre"/>
    <property name="sun.java.command" value="org.codehaus.plexus.classworlds.launcher.Launcher test"/>
    <property name="java.specification.vendor" value="Oracle Corporation"/>
    <property name="user.language" value="en"/>
    <property name="awt.toolkit" value="sun.awt.windows.WToolkit"/>
    <property name="java.vm.info" value="mixed mode"/>
    <property name="java.version" value="1.8.0_191"/>
    <property name="java.ext.dirs" value="C:\Program Files\Java\jdk1.8.0_191\jre\lib\ext;C:\Windows\Sun\Java\lib\ext"/>
    <property name="sun.boot.class.path" value="C:\Program Files\Java\jdk1.8.0_191\jre\lib\resources.jar;C:\Program Files\Java\jdk1.8.0_191\jre\lib\rt.jar;C:\Program Files\Java\jdk1.8.0_191\jre\lib\sunrsasign.jar;C:\Program Files\Java\jdk1.8.0_191\jre\lib\jsse.jar;C:\Program Files\Java\jdk1.8.0_191\jre\lib\jce.jar;C:\Program Files\Java\jdk1.8.0_191\jre\lib\charsets.jar;C:\Program Files\Java\jdk1.8.0_191\jre\lib\jfr.jar;C:\Program Files\Java\jdk1.8.0_191\jre\classes"/>
    <property name="sun.stderr.encoding" value="ms936"/>
    <property name="java.vendor" value="Oracle Corporation"/>
    <property name="maven.home" value="E:\Software\POSIX\apache-maven-3.6.0-bin\apache-maven-3.6.0\bin\.."/>
    <property name="file.separator" value="\"/>
    <property name="java.vendor.url.bug" value="http://bugreport.sun.com/bugreport/"/>
    <property name="sun.cpu.endian" value="little"/>
    <property name="sun.io.unicode.encoding" value="UnicodeLittle"/>
    <property name="sun.stdout.encoding" value="ms936"/>
    <property name="sun.desktop" value="windows"/>
    <property name="sun.cpu.isalist" value="amd64"/>
  </properties>
  <testcase classname="org.hometest.ubs.ubs_hometest.AppTest" name="test1" time="0.004"/>
  <testcase classname="org.hometest.ubs.ubs_hometest.AppTest" name="test4" time="0"/>
  <testcase classname="org.hometest.ubs.ubs_hometest.AppTest" name="test3" time="0"/>
  <testcase classname="org.hometest.ubs.ubs_hometest.AppTest" name="test2" time="0"/>
  <testcase classname="org.hometest.ubs.ubs_hometest.AppTest" name="test5" time="0"/>
  <testcase classname="org.hometest.ubs.ubs_hometest.AppTest" name="test6" time="0"/>
  <testcase classname="org.hometest.ubs.ubs_hometest.AppTest" name="test13" time="0.001"/>
  <testcase classname="org.hometest.ubs.ubs_hometest.AppTest" name="test7" time="0.001"/>
  <testcase classname="org.hometest.ubs.ubs_hometest.AppTest" name="test15" time="0"/>
  <testcase classname="org.hometest.ubs.ubs_hometest.AppTest" name="test9" time="0"/>
  <testcase classname="org.hometest.ubs.ubs_hometest.AppTest" name="test8" time="0.001"/>
  <testcase classname="org.hometest.ubs.ubs_hometest.AppTest" name="test12" time="0.001"/>
  <testcase classname="org.hometest.ubs.ubs_hometest.AppTest" name="test14" time="0"/>
  <testcase classname="org.hometest.ubs.ubs_hometest.AppTest" name="test16" time="0"/>
  <testcase classname="org.hometest.ubs.ubs_hometest.AppTest" name="test17" time="0"/>
  <testcase classname="org.hometest.ubs.ubs_hometest.AppTest" name="test11" time="0.001"/>
  <testcase classname="org.hometest.ubs.ubs_hometest.AppTest" name="test18" time="0.001"/>
  <testcase classname="org.hometest.ubs.ubs_hometest.AppTest" name="test10" time="0"/>
</testsuite>